
> nh-portfolio@1.0.0 build
> astro build

12:44:41 [types] Generated 361ms
12:44:41 [build] output: "static"
12:44:41 [build] directory: /mnt/c/Users/nicog/OneDrive/Desktop/Portfolio/dist/
12:44:41 [build] Collecting build info...
12:44:41 [build] ✓ Completed in 1.52s.
12:44:41 [build] Building static entrypoints...
12:44:44 [vite] ✓ built in 3.24s
12:44:44 [build] ✓ Completed in 3.35s.

 building client (vite) 
12:44:44 [vite] transforming...
12:44:44 [vite] ✓ 2 modules transformed.
12:44:44 [vite] rendering chunks...
12:44:44 [vite] ✓ built in 36ms

 generating static routes 
12:44:44 ▶ src/pages/servicios.astro
12:44:44   └─ /servicios/index.html (+20ms)
12:44:44 ▶ src/pages/talento.astro
12:44:44   └─ /talento/index.html (+13ms)
12:44:44 ▶ src/pages/index.astro
12:44:44   └─ /index.html (+10ms)
12:44:44 ✓ Completed in 256ms.

Cannot read properties of undefined (reading 'reduce')
  Location:
    /mnt/c/Users/nicog/OneDrive/Desktop/Portfolio/node_modules/@astrojs/sitemap/dist/index.js:69:37
  Stack trace:
    at astro:build:done (file:///mnt/c/Users/nicog/OneDrive/Desktop/Portfolio/node_modules/@astrojs/sitemap/dist/index.js:69:37)
    at async AstroBuilder.build (file:///mnt/c/Users/nicog/OneDrive/Desktop/Portfolio/node_modules/astro/dist/core/build/index.js:159:5)
    at async build (file:///mnt/c/Users/nicog/OneDrive/Desktop/Portfolio/node_modules/astro/dist/core/build/index.js:51:3)
    at async runCommand (file:///mnt/c/Users/nicog/OneDrive/Desktop/Portfolio/node_modules/astro/dist/cli/index.js:147:7)
